[03-24 21:33:38]: [INFO] Created column 'regdate' and set the current timestamp, 1648139618631, to all 0 rows
[03-24 21:33:38]: [INFO] SQLite Setup finished
[03-24 21:33:38]: [INFO] Hooked into PermissionsEx!
[03-24 21:33:39]: [INFO] Hooked successfully into Essentials
[03-24 21:33:39]: [INFO] Essentials spawn file not found: 'C:\Users\vadim\Desktop\dezcraft\WoodWorld\plugins\Essentials\spawn.yml'
[03-24 21:33:39]: [WARN] WARNING! The protectInventory feature requires ProtocolLib! Disabling it...
[03-24 21:33:39]: [INFO] AuthMe 5.6.0-beta2 build n.2453 successfully enabled!
[03-24 21:33:40]: [INFO] Downloading GEO IP database, because the old database is older than 30 days or doesn't exist
[03-24 21:33:40]: [WARN] No MaxMind credentials found in the configuration file! GeoIp protections will be disabled.
[03-24 21:33:40]: [INFO] There is no newer GEO IP database uploaded to MaxMind. Using the old one for now.
[03-24 21:33:40]: [WARN] Could not download GeoLiteAPI database [FileNotFoundException]: plugins\AuthMe\GeoLite2-Country.mmdb (Не удается найти указанный файл)
[03-24 21:33:40]: java.io.FileNotFoundException: plugins\AuthMe\GeoLite2-Country.mmdb (Не удается найти указанный файл)
	at java.base/java.io.RandomAccessFile.open0(Native Method)
	at java.base/java.io.RandomAccessFile.open(RandomAccessFile.java:344)
	at java.base/java.io.RandomAccessFile.<init>(RandomAccessFile.java:259)
	at java.base/java.io.RandomAccessFile.<init>(RandomAccessFile.java:213)
	at fr.xephi.authme.libs.com.maxmind.db.BufferHolder.<init>(BufferHolder.java:20)
	at fr.xephi.authme.libs.com.maxmind.db.Reader.<init>(Reader.java:121)
	at fr.xephi.authme.service.GeoIpService.startReading(GeoIpService.java:173)
	at fr.xephi.authme.service.GeoIpService.updateDatabase(GeoIpService.java:144)
	at org.bukkit.craftbukkit.v1_18_R2.scheduler.CraftTask.run(CraftTask.java:82)
	at org.bukkit.craftbukkit.v1_18_R2.scheduler.CraftAsyncTask.run(CraftAsyncTask.java:54)
	at java.base/java.util.concurrent.ThreadPoolExecutor.runWorker(ThreadPoolExecutor.java:1136)
	at java.base/java.util.concurrent.ThreadPoolExecutor$Worker.run(ThreadPoolExecutor.java:635)
	at java.base/java.lang.Thread.run(Thread.java:833)

[03-24 21:34:36]: [INFO] AuthMe 5.6.0-beta2-b2453 disabled!
[03-24 21:39:01]: [INFO] SQLite Setup finished
[03-24 21:39:01]: [INFO] Hooked into PermissionsEx!
[03-24 21:39:01]: [INFO] Hooked successfully into Essentials
[03-24 21:39:01]: [INFO] Essentials spawn file not found: 'C:\Users\vadim\Desktop\dezcraft\WoodWorld\plugins\Essentials\spawn.yml'
[03-24 21:39:01]: [WARN] WARNING! The protectInventory feature requires ProtocolLib! Disabling it...
[03-24 21:39:01]: [INFO] AuthMe 5.6.0-beta2 build n.2453 successfully enabled!
[03-24 21:39:02]: [INFO] Downloading GEO IP database, because the old database is older than 30 days or doesn't exist
[03-24 21:39:02]: [WARN] No MaxMind credentials found in the configuration file! GeoIp protections will be disabled.
[03-24 21:39:02]: [INFO] There is no newer GEO IP database uploaded to MaxMind. Using the old one for now.
[03-24 21:39:02]: [WARN] Could not download GeoLiteAPI database [FileNotFoundException]: plugins\AuthMe\GeoLite2-Country.mmdb (Не удается найти указанный файл)
[03-24 21:39:02]: java.io.FileNotFoundException: plugins\AuthMe\GeoLite2-Country.mmdb (Не удается найти указанный файл)
	at java.base/java.io.RandomAccessFile.open0(Native Method)
	at java.base/java.io.RandomAccessFile.open(RandomAccessFile.java:344)
	at java.base/java.io.RandomAccessFile.<init>(RandomAccessFile.java:259)
	at java.base/java.io.RandomAccessFile.<init>(RandomAccessFile.java:213)
	at fr.xephi.authme.libs.com.maxmind.db.BufferHolder.<init>(BufferHolder.java:20)
	at fr.xephi.authme.libs.com.maxmind.db.Reader.<init>(Reader.java:121)
	at fr.xephi.authme.service.GeoIpService.startReading(GeoIpService.java:173)
	at fr.xephi.authme.service.GeoIpService.updateDatabase(GeoIpService.java:144)
	at org.bukkit.craftbukkit.v1_18_R2.scheduler.CraftTask.run(CraftTask.java:82)
	at org.bukkit.craftbukkit.v1_18_R2.scheduler.CraftAsyncTask.run(CraftAsyncTask.java:54)
	at java.base/java.util.concurrent.ThreadPoolExecutor.runWorker(ThreadPoolExecutor.java:1136)
	at java.base/java.util.concurrent.ThreadPoolExecutor$Worker.run(ThreadPoolExecutor.java:635)
	at java.base/java.lang.Thread.run(Thread.java:833)

[03-24 21:39:05]: [INFO] AuthMe 5.6.0-beta2-b2453 disabled!
[03-24 21:45:21]: [INFO] SQLite Setup finished
[03-24 21:45:21]: [INFO] Hooked into PermissionsEx!
[03-24 21:45:21]: [INFO] Hooked successfully into Essentials
[03-24 21:45:21]: [INFO] Essentials spawn file not found: 'C:\Users\vadim\Desktop\dezcraft\WoodWorld\plugins\Essentials\spawn.yml'
[03-24 21:45:21]: [WARN] WARNING! The protectInventory feature requires ProtocolLib! Disabling it...
[03-24 21:45:21]: [INFO] AuthMe 5.6.0-beta2 build n.2453 successfully enabled!
[03-24 21:45:22]: [INFO] Downloading GEO IP database, because the old database is older than 30 days or doesn't exist
[03-24 21:45:22]: [WARN] No MaxMind credentials found in the configuration file! GeoIp protections will be disabled.
[03-24 21:45:22]: [INFO] There is no newer GEO IP database uploaded to MaxMind. Using the old one for now.
[03-24 21:45:22]: [WARN] Could not download GeoLiteAPI database [FileNotFoundException]: plugins\AuthMe\GeoLite2-Country.mmdb (Не удается найти указанный файл)
[03-24 21:45:22]: java.io.FileNotFoundException: plugins\AuthMe\GeoLite2-Country.mmdb (Не удается найти указанный файл)
	at java.base/java.io.RandomAccessFile.open0(Native Method)
	at java.base/java.io.RandomAccessFile.open(RandomAccessFile.java:344)
	at java.base/java.io.RandomAccessFile.<init>(RandomAccessFile.java:259)
	at java.base/java.io.RandomAccessFile.<init>(RandomAccessFile.java:213)
	at fr.xephi.authme.libs.com.maxmind.db.BufferHolder.<init>(BufferHolder.java:20)
	at fr.xephi.authme.libs.com.maxmind.db.Reader.<init>(Reader.java:121)
	at fr.xephi.authme.service.GeoIpService.startReading(GeoIpService.java:173)
	at fr.xephi.authme.service.GeoIpService.updateDatabase(GeoIpService.java:144)
	at org.bukkit.craftbukkit.v1_18_R2.scheduler.CraftTask.run(CraftTask.java:82)
	at org.bukkit.craftbukkit.v1_18_R2.scheduler.CraftAsyncTask.run(CraftAsyncTask.java:54)
	at java.base/java.util.concurrent.ThreadPoolExecutor.runWorker(ThreadPoolExecutor.java:1136)
	at java.base/java.util.concurrent.ThreadPoolExecutor$Worker.run(ThreadPoolExecutor.java:635)
	at java.base/java.lang.Thread.run(Thread.java:833)

[03-24 21:46:00]: [FINE] pikus12345 registered 127.0.0.1
[03-24 21:46:00]: [FINE] pikus12345 logged in 127.0.0.1
[03-24 21:48:09]: [FINE] keal_neagers registered 127.0.0.1
[03-24 21:48:09]: [FINE] The user keal_neagers has 2 accounts:
[03-24 21:48:09]: [FINE] §7pikus12345, §akeal_neagers§7.
[03-24 21:48:09]: [FINE] keal_neagers logged in 127.0.0.1
[03-24 21:48:49]: [INFO] AuthMe 5.6.0-beta2-b2453 disabled!
